[    0.000000] Initializing cgroup subsys cpuset
[    0.000000] Initializing cgroup subsys cpu
[    0.000000] Initializing cgroup subsys cpuacct
[    0.000000] Linux version 4.4.0-174-generic (buildd@lcy01-amd64-027) (gcc version 5.4.0 20160609 (Ubuntu 5.4.0-6ubuntu1~16.04.12) ) #204-Ubuntu SMP Wed Jan 29 06:41:01 UTC 2020 (Ubuntu 4.4.0-174.204-generic 4.4.211)
[    0.000000] Command line: BOOT_IMAGE=/boot/vmlinuz-4.4.0-174-generic root=LABEL=cloudimg-rootfs ro console=tty1 console=ttyS0
[    0.000000] KERNEL supported cpus:
[    0.000000]   Intel GenuineIntel
[    0.000000]   AMD AuthenticAMD
[    0.000000]   Centaur CentaurHauls
[    0.000000] x86/fpu: xstate_offset[2]:  576, xstate_sizes[2]:  256
[    0.000000] x86/fpu: Supporting XSAVE feature 0x01: 'x87 floating point registers'
[    0.000000] x86/fpu: Supporting XSAVE feature 0x02: 'SSE registers'
[    0.000000] x86/fpu: Supporting XSAVE feature 0x04: 'AVX registers'
[    0.000000] x86/fpu: Enabled xstate features 0x7, context size is 832 bytes, using 'standard' format.
[    0.000000] e820: BIOS-provided physical RAM map:
[    0.000000] BIOS-e820: [mem 0x0000000000000000-0x000000000009fbff] usable
[    0.000000] BIOS-e820: [mem 0x000000000009fc00-0x000000000009ffff] reserved
[    0.000000] BIOS-e820: [mem 0x00000000000f0000-0x00000000000fffff] reserved
[    0.000000] BIOS-e820: [mem 0x0000000000100000-0x000000007ffeffff] usable
[    0.000000] BIOS-e820: [mem 0x000000007fff0000-0x000000007fffffff] ACPI data
[    0.000000] BIOS-e820: [mem 0x00000000fec00000-0x00000000fec00fff] reserved
[    0.000000] BIOS-e820: [mem 0x00000000fee00000-0x00000000fee00fff] reserved
[    0.000000] BIOS-e820: [mem 0x00000000fffc0000-0x00000000ffffffff] reserved
[    0.000000] NX (Execute Disable) protection: active
[    0.000000] SMBIOS 2.5 present.
[    0.000000] Hypervisor detected: KVM
[    0.000000] e820: last_pfn = 0x7fff0 max_arch_pfn = 0x400000000
[    0.000000] MTRR: Disabled
[    0.000000] x86/PAT: MTRRs disabled, skipping PAT initialization too.
[    0.000000] CPU MTRRs all blank - virtualized system.
[    0.000000] x86/PAT: Configuration [0-7]: WB  WT  UC- UC  WB  WT  UC- UC  
[    0.000000] found SMP MP-table at [mem 0x0009fff0-0x0009ffff] mapped at [ffff88000009fff0]
[    0.000000] Scanning 1 areas for low memory corruption
[    0.000000] RAMDISK: [mem 0x362e0000-0x37167fff]
[    0.000000] ACPI: Early table checksum verification disabled
[    0.000000] ACPI: RSDP 0x00000000000E0000 000024 (v02 VBOX  )
[    0.000000] ACPI: XSDT 0x000000007FFF0030 00003C (v01 VBOX   VBOXXSDT 00000001 ASL  00000061)
[    0.000000] ACPI: FACP 0x000000007FFF00F0 0000F4 (v04 VBOX   VBOXFACP 00000001 ASL  00000061)
[    0.000000] ACPI: DSDT 0x000000007FFF0470 002325 (v02 VBOX   VBOXBIOS 00000002 INTL 20100528)
[    0.000000] ACPI: FACS 0x000000007FFF0200 000040
[    0.000000] ACPI: FACS 0x000000007FFF0200 000040
[    0.000000] ACPI: APIC 0x000000007FFF0240 00005C (v02 VBOX   VBOXAPIC 00000001 ASL  00000061)
[    0.000000] ACPI: SSDT 0x000000007FFF02A0 0001CC (v01 VBOX   VBOXCPUT 00000002 INTL 20100528)
[    0.000000] No NUMA configuration found
[    0.000000] Faking a node at [mem 0x0000000000000000-0x000000007ffeffff]
[    0.000000] NODE_DATA(0) allocated [mem 0x7ffeb000-0x7ffeffff]
[    0.000000] kvm-clock: Using msrs 4b564d01 and 4b564d00
[    0.000000] kvm-clock: cpu 0, msr 0:7ffe3001, primary cpu clock
[    0.000000] kvm-clock: using sched offset of 4284480894 cycles
[    0.000000] clocksource: kvm-clock: mask: 0xffffffffffffffff max_cycles: 0x1cd42e4dffb, max_idle_ns: 881590591483 ns
[    0.000000] Zone ranges:
[    0.000000]   DMA      [mem 0x0000000000001000-0x0000000000ffffff]
[    0.000000]   DMA32    [mem 0x0000000001000000-0x000000007ffeffff]
[    0.000000]   Normal   empty
[    0.000000]   Device   empty
[    0.000000] Movable zone start for each node
[    0.000000] Early memory node ranges
[    0.000000]   node   0: [mem 0x0000000000001000-0x000000000009efff]
[    0.000000]   node   0: [mem 0x0000000000100000-0x000000007ffeffff]
[    0.000000] Initmem setup node 0 [mem 0x0000000000001000-0x000000007ffeffff]
[    0.000000] ACPI: PM-Timer IO Port: 0x4008
[    0.000000] IOAPIC[0]: apic_id 2, version 32, address 0xfec00000, GSI 0-23
[    0.000000] ACPI: INT_SRC_OVR (bus 0 bus_irq 0 global_irq 2 dfl dfl)
[    0.000000] ACPI: INT_SRC_OVR (bus 0 bus_irq 9 global_irq 9 low level)
[    0.000000] Using ACPI (MADT) for SMP configuration information
[    0.000000] smpboot: Allowing 2 CPUs, 0 hotplug CPUs
[    0.000000] PM: Registered nosave memory: [mem 0x00000000-0x00000fff]
[    0.000000] PM: Registered nosave memory: [mem 0x0009f000-0x0009ffff]
[    0.000000] PM: Registered nosave memory: [mem 0x000a0000-0x000effff]
[    0.000000] PM: Registered nosave memory: [mem 0x000f0000-0x000fffff]
[    0.000000] e820: [mem 0x80000000-0xfebfffff] available for PCI devices
[    0.000000] Booting paravirtualized kernel on KVM
[    0.000000] clocksource: refined-jiffies: mask: 0xffffffff max_cycles: 0xffffffff, max_idle_ns: 7645519600211568 ns
[    0.000000] setup_percpu: NR_CPUS:512 nr_cpumask_bits:512 nr_cpu_ids:2 nr_node_ids:1
[    0.000000] PERCPU: Embedded 33 pages/cpu @ffff88007fc00000 s95448 r8192 d31528 u1048576
[    0.000000] Built 1 zonelists in Node order, mobility grouping on.  Total pages: 515960
[    0.000000] Policy zone: DMA32
[    0.000000] Kernel command line: BOOT_IMAGE=/boot/vmlinuz-4.4.0-174-generic root=LABEL=cloudimg-rootfs ro console=tty1 console=ttyS0
[    0.000000] PID hash table entries: 4096 (order: 3, 32768 bytes)
[    0.000000] Memory: 2029864K/2096696K available (8626K kernel code, 1336K rwdata, 4032K rodata, 1488K init, 1292K bss, 66832K reserved, 0K cma-reserved)
[    0.000000] SLUB: HWalign=64, Order=0-3, MinObjects=0, CPUs=2, Nodes=1
[    0.000000] Kernel/User page tables isolation: enabled
[    0.000000] Hierarchical RCU implementation.
[    0.000000] 	Build-time adjustment of leaf fanout to 64.
[    0.000000] 	RCU restricting CPUs from NR_CPUS=512 to nr_cpu_ids=2.
[    0.000000] RCU: Adjusting geometry for rcu_fanout_leaf=64, nr_cpu_ids=2
[    0.000000] NR_IRQS:33024 nr_irqs:440 16
[    0.000000] Console: colour VGA+ 80x25
[    0.000000] console [tty1] enabled
[    0.000000] console [ttyS0] enabled
[    0.000000] tsc: Detected 2808.002 MHz processor
[    0.218945] Calibrating delay loop (skipped) preset value.. 5616.00 BogoMIPS (lpj=11232008)
[    0.221796] pid_max: default: 32768 minimum: 301
[    0.223040] ACPI: Core revision 20150930
[    0.225735] ACPI: 2 ACPI AML tables successfully acquired and loaded
[    0.227788] Security Framework initialized
[    0.228796] Yama: becoming mindful.
[    0.229763] AppArmor: AppArmor initialized
[    0.234955] Dentry cache hash table entries: 262144 (order: 9, 2097152 bytes)
[    0.237324] Inode-cache hash table entries: 131072 (order: 8, 1048576 bytes)
[    0.243276] Mount-cache hash table entries: 4096 (order: 3, 32768 bytes)
[    0.244780] Mountpoint-cache hash table entries: 4096 (order: 3, 32768 bytes)
[    0.246468] Initializing cgroup subsys io
[    0.247482] Initializing cgroup subsys memory
[    0.248573] Initializing cgroup subsys devices
[    0.249947] Initializing cgroup subsys freezer
[    0.251373] Initializing cgroup subsys net_cls
[    0.252516] Initializing cgroup subsys perf_event
[    0.254057] Initializing cgroup subsys net_prio
[    0.255466] Initializing cgroup subsys hugetlb
[    0.256673] Initializing cgroup subsys pids
[    0.259110] mce: CPU supports 0 MCE banks
[    0.260165] Last level iTLB entries: 4KB 64, 2MB 8, 4MB 8
[    0.261420] Last level dTLB entries: 4KB 64, 2MB 0, 4MB 0, 1GB 4
[    0.262741] Spectre V1 : Mitigation: usercopy/swapgs barriers and __user pointer sanitization
[    0.264903] Spectre V2 : Mitigation: Full generic retpoline
[    0.266260] Spectre V2 : Spectre v2 / SpectreRSB mitigation: Filling RSB on context switch
[    0.268826] Speculative Store Bypass: Vulnerable
[    0.270234] MDS: Vulnerable: Clear CPU buffers attempted, no microcode
[    0.275234] Freeing SMP alternatives memory: 36K
[    0.283108] ftrace: allocating 32305 entries in 127 pages
[    0.352659] smpboot: APIC(0) Converting physical 0 to logical package 0
[    0.354245] smpboot: Max logical packages: 1
[    0.355997] x2apic enabled
[    0.357220] Switched APIC routing to physical x2apic.
[    0.360241] ..TIMER: vector=0x30 apic1=0 pin1=2 apic2=-1 pin2=-1
[    0.469695] smpboot: CPU0: Intel(R) Core(TM) i7-7700HQ CPU @ 2.80GHz (family: 0x6, model: 0x9e, stepping: 0x9)
[    0.472640] Performance Events: unsupported p6 CPU model 158 no PMU driver, software events only.
[    0.487736] KVM setup paravirtual spinlock
[    0.492778] x86: Booting SMP configuration:
[    0.494148] .... node  #0, CPUs:      #1
[    0.495364] kvm-clock: cpu 1, msr 0:7ffe3041, secondary cpu clock
[    0.497499] mce: CPU supports 0 MCE banks
[    0.500341] x86: Booted up 1 node, 2 CPUs
[    0.501622] smpboot: Total of 2 processors activated (11232.00 BogoMIPS)
[    0.503601] devtmpfs: initialized
[    0.505875] evm: security.selinux
[    0.506778] evm: security.SMACK64
[    0.507646] evm: security.SMACK64EXEC
[    0.508723] evm: security.SMACK64TRANSMUTE
[    0.509849] evm: security.SMACK64MMAP
[    0.511046] evm: security.ima
[    0.511913] evm: security.capability
[    0.513115] clocksource: jiffies: mask: 0xffffffff max_cycles: 0xffffffff, max_idle_ns: 7645041785100000 ns
[    0.515497] futex hash table entries: 512 (order: 3, 32768 bytes)
[    0.517345] pinctrl core: initialized pinctrl subsystem
[    0.518665] RTC time: 13:39:02, date: 02/24/20
[    0.520357] NET: Registered protocol family 16
[    0.530110] cpuidle: using governor ladder
[    0.543405] cpuidle: using governor menu
[    0.544865] PCCT header not found.
[    0.546038] ACPI: bus type PCI registered
[    0.547563] acpiphp: ACPI Hot Plug PCI Controller Driver version: 0.5
[    0.549156] PCI: Using configuration type 1 for base access
[    0.563619] ACPI: Added _OSI(Module Device)
[    0.564759] ACPI: Added _OSI(Processor Device)
[    0.565855] ACPI: Added _OSI(3.0 _SCP Extensions)
[    0.566955] ACPI: Added _OSI(Processor Aggregator Device)
[    0.568940] ACPI: Executed 1 blocks of module-level executable AML code
[    0.573234] ACPI: Interpreter enabled
[    0.574534] ACPI: (supports S0 S5)
[    0.575520] ACPI: Using IOAPIC for interrupt routing
[    0.576868] PCI: Using host bridge windows from ACPI; if necessary, use "pci=nocrs" and report a bug
[    0.582977] ACPI: PCI Root Bridge [PCI0] (domain 0000 [bus 00-ff])
[    0.584486] acpi PNP0A03:00: _OSC: OS supports [ASPM ClockPM Segments MSI]
[    0.586343] acpi PNP0A03:00: _OSC: not requesting OS control; OS requires [ExtendedConfig ASPM ClockPM MSI]
[    0.588598] acpi PNP0A03:00: fail to add MMCONFIG information, can't access extended PCI configuration space under this bridge.
[    0.591330] PCI host bridge to bus 0000:00
[    0.592318] pci_bus 0000:00: root bus resource [io  0x0000-0x0cf7 window]
[    0.594075] pci_bus 0000:00: root bus resource [io  0x0d00-0xffff window]
[    0.595576] pci_bus 0000:00: root bus resource [mem 0x000a0000-0x000bffff window]
[    0.597497] pci_bus 0000:00: root bus resource [mem 0x80000000-0xfdffffff window]
[    0.599265] pci_bus 0000:00: root bus resource [bus 00-ff]
[    0.602389] pci 0000:00:01.1: legacy IDE quirk: reg 0x10: [io  0x01f0-0x01f7]
[    0.603889] pci 0000:00:01.1: legacy IDE quirk: reg 0x14: [io  0x03f6]
[    0.605670] pci 0000:00:01.1: legacy IDE quirk: reg 0x18: [io  0x0170-0x0177]
[    0.607413] pci 0000:00:01.1: legacy IDE quirk: reg 0x1c: [io  0x0376]
[    0.652584] pci 0000:00:07.0: quirk: [io  0x4000-0x403f] claimed by PIIX4 ACPI
[    0.654496] pci 0000:00:07.0: quirk: [io  0x4100-0x410f] claimed by PIIX4 SMB
[    0.677217] ACPI: PCI Interrupt Link [LNKA] (IRQs 5 9 10 *11)
[    0.679417] ACPI: PCI Interrupt Link [LNKB] (IRQs 5 9 *10 11)
[    0.681978] ACPI: PCI Interrupt Link [LNKC] (IRQs 5 *9 10 11)
[    0.684070] ACPI: PCI Interrupt Link [LNKD] (IRQs 5 9 10 *11)
[    0.686174] ACPI: Enabled 2 GPEs in block 00 to 07
[    0.687844] vgaarb: setting as boot device: PCI:0000:00:02.0
[    0.689364] vgaarb: device added: PCI:0000:00:02.0,decodes=io+mem,owns=io+mem,locks=none
[    0.691575] vgaarb: loaded
[    0.692348] vgaarb: bridge control possible 0000:00:02.0
[    0.694008] SCSI subsystem initialized
[    0.695180] ACPI: bus type USB registered
[    0.696239] usbcore: registered new interface driver usbfs
[    0.697746] usbcore: registered new interface driver hub
[    0.699080] usbcore: registered new device driver usb
[    0.700669] PCI: Using ACPI for IRQ routing
[    0.702127] NetLabel: Initializing
[    0.703105] NetLabel:  domain hash size = 128
[    0.704698] NetLabel:  protocols = UNLABELED CIPSOv4
[    0.705837] NetLabel:  unlabeled traffic allowed by default
[    0.707442] amd_nb: Cannot enumerate AMD northbridges
[    0.709204] clocksource: Switched to clocksource kvm-clock
[    0.722977] AppArmor: AppArmor Filesystem Enabled
[    0.724314] pnp: PnP ACPI init
[    0.726140] pnp: PnP ACPI: found 3 devices
[    0.742420] clocksource: acpi_pm: mask: 0xffffff max_cycles: 0xffffff, max_idle_ns: 2085701024 ns
[    0.744628] NET: Registered protocol family 2
[    0.745898] TCP established hash table entries: 16384 (order: 5, 131072 bytes)
[    0.747741] TCP bind hash table entries: 16384 (order: 6, 262144 bytes)
[    0.749196] TCP: Hash tables configured (established 16384 bind 16384)
[    0.750684] UDP hash table entries: 1024 (order: 3, 32768 bytes)
[    0.751939] UDP-Lite hash table entries: 1024 (order: 3, 32768 bytes)
[    0.753461] NET: Registered protocol family 1
[    0.754906] pci 0000:00:00.0: Limiting direct PCI/PCI transfers
[    0.756270] pci 0000:00:01.0: Activating ISA DMA hang workarounds
[    0.757834] Unpacking initramfs...
[    0.998730] Freeing initrd memory: 14880K
[    0.999995] clocksource: tsc: mask: 0xffffffffffffffff max_cycles: 0x2879c7f065b, max_idle_ns: 440795303690 ns
[    1.002814] platform rtc_cmos: registered platform RTC device (no PNP device found)
[    1.004926] Scanning for low memory corruption every 60 seconds
[    1.007283] audit: initializing netlink subsys (disabled)
[    1.008706] audit: type=2000 audit(1582551549.132:1): initialized
[    1.010561] Initialise system trusted keyring
[    1.012159] HugeTLB registered 2 MB page size, pre-allocated 0 pages
[    1.014999] zbud: loaded
[    1.016238] VFS: Disk quotas dquot_6.6.0
[    1.017244] VFS: Dquot-cache hash table entries: 512 (order 0, 4096 bytes)
[    1.018977] squashfs: version 4.0 (2009/01/31) Phillip Lougher
[    1.020715] fuse init (API version 7.23)
[    1.022077] Key type big_key registered
[    1.023120] Allocating IMA MOK and blacklist keyrings.
[    1.027188] Key type asymmetric registered
[    1.028210] Asymmetric key parser 'x509' registered
[    1.029374] Block layer SCSI generic (bsg) driver version 0.4 loaded (major 249)
[    1.031554] io scheduler noop registered
[    1.032766] io scheduler deadline registered (default)
[    1.034247] io scheduler cfq registered
[    1.035400] pci_hotplug: PCI Hot Plug PCI Core version: 0.5
[    1.036769] pciehp: PCI Express Hot Plug Controller Driver version: 0.4
[    1.038790] ACPI: AC Adapter [AC] (on-line)
[    1.040187] input: Power Button as /devices/LNXSYSTM:00/LNXPWRBN:00/input/input0
[    1.041993] ACPI: Power Button [PWRF]
[    1.043001] input: Sleep Button as /devices/LNXSYSTM:00/LNXSLPBN:00/input/input1
[    1.045161] ACPI: Sleep Button [SLPF]
[    1.046523] GHES: HEST is not enabled!
[    1.047214] ACPI: Battery Slot [BAT0] (battery present)
[    1.049101] Serial: 8250/16550 driver, 32 ports, IRQ sharing enabled
[    1.071228] 00:02: ttyS0 at I/O 0x3f8 (irq = 4, base_baud = 115200) is a 16550A
[    1.078254] Linux agpgart interface v0.103
[    1.084503] loop: module loaded
[    1.086099] scsi host0: ata_piix
[    1.087344] scsi host1: ata_piix
[    1.088250] ata1: PATA max UDMA/33 cmd 0x1f0 ctl 0x3f6 bmdma 0xd000 irq 14
[    1.089767] ata2: PATA max UDMA/33 cmd 0x170 ctl 0x376 bmdma 0xd008 irq 15
[    1.091598] libphy: Fixed MDIO Bus: probed
[    1.092726] tun: Universal TUN/TAP device driver, 1.6
[    1.094973] tun: (C) 1999-2004 Max Krasnyansky <maxk@qualcomm.com>
[    1.096516] PPP generic driver version 2.4.2
[    1.097772] ehci_hcd: USB 2.0 'Enhanced' Host Controller (EHCI) Driver
[    1.099154] ehci-pci: EHCI PCI platform driver
[    1.100228] ehci-platform: EHCI generic platform driver
[    1.101408] ohci_hcd: USB 1.1 'Open' Host Controller (OHCI) Driver
[    1.102773] ohci-pci: OHCI PCI platform driver
[    1.103911] ohci-platform: OHCI generic platform driver
[    1.105082] uhci_hcd: USB Universal Host Controller Interface driver
[    1.106658] i8042: PNP: PS/2 Controller [PNP0303:PS2K,PNP0f03:PS2M] at 0x60,0x64 irq 1,12
[    1.109231] serio: i8042 KBD port at 0x60,0x64 irq 1
[    1.110556] serio: i8042 AUX port at 0x60,0x64 irq 12
[    1.112279] mousedev: PS/2 mouse device common for all mice
[    1.114198] input: AT Translated Set 2 keyboard as /devices/platform/i8042/serio0/input/input2
[    1.116830] rtc_cmos rtc_cmos: rtc core: registered rtc_cmos as rtc0
[    1.118379] rtc_cmos rtc_cmos: alarms up to one day, 114 bytes nvram
[    1.119837] i2c /dev entries driver
[    1.120850] device-mapper: uevent: version 1.0.3
[    1.122243] device-mapper: ioctl: 4.34.0-ioctl (2015-10-28) initialised: dm-devel@redhat.com
[    1.124367] ledtrig-cpu: registered to indicate activity on CPUs
[    1.126990] NET: Registered protocol family 10
[    1.128459] NET: Registered protocol family 17
[    1.130021] Key type dns_resolver registered
[    1.131745] registered taskstats version 1
[    1.132969] Loading compiled-in X.509 certificates
[    1.134753] Loaded X.509 cert 'Build time autogenerated kernel key: 2501974cc66248a18f8fa54aaac948a5171f77fb'
[    1.136947] zswap: loaded using pool lzo/zbud
[    1.140020] Key type trusted registered
[    1.144068] Key type encrypted registered
[    1.145100] AppArmor: AppArmor sha1 policy hashing enabled
[    1.146414] ima: No TPM chip found, activating TPM-bypass!
[    1.147721] ima: Allocated hash algorithm: sha1
[    1.149088] evm: HMAC attrs: 0x1
[    1.150546]   Magic number: 8:290:686
[    1.151723] rtc_cmos rtc_cmos: setting system clock to 2020-02-24 13:39:03 UTC (1582551543)
[    1.154072] BIOS EDD facility v0.16 2004-Jun-25, 0 devices found
[    1.155647] EDD information not available.
[    1.274762] Freeing unused kernel memory: 1488K
[    1.276654] Write protecting the kernel read-only data: 14336k
[    1.279187] Freeing unused kernel memory: 1604K
[    1.280775] Freeing unused kernel memory: 64K
Loading, please wait...
starting version 229
[    1.294919] random: systemd-udevd: uninitialized urandom read (16 bytes read, 3 bits of entropy available)
[    1.295569] random: udevadm: uninitialized urandom read (16 bytes read, 3 bits of entropy available)
[    1.295585] random: udevadm: uninitialized urandom read (16 bytes read, 3 bits of entropy available)
[    1.303170] random: systemd-udevd: uninitialized urandom read (16 bytes read, 3 bits of entropy available)
[    1.304295] random: udevadm: uninitialized urandom read (16 bytes read, 3 bits of entropy available)
[    1.304351] random: udevadm: uninitialized urandom read (16 bytes read, 3 bits of entropy available)
[    1.304485] random: udevadm: uninitialized urandom read (16 bytes read, 3 bits of entropy available)
[    1.304534] random: udevadm: uninitialized urandom read (16 bytes read, 3 bits of entropy available)
[    1.304580] random: udevadm: uninitialized urandom read (16 bytes read, 3 bits of entropy available)
[    1.304629] random: udevadm: uninitialized urandom read (16 bytes read, 3 bits of entropy available)
[    1.360360] e1000: Intel(R) PRO/1000 Network Driver - version 7.3.21-k8-NAPI
[    1.362136] e1000: Copyright (c) 1999-2006 Intel Corporation.
[    1.368701] Fusion MPT base driver 3.04.20
[    1.370028] Copyright (c) 1999-2008 LSI Corporation
[    1.379315] Fusion MPT SPI Host driver 3.04.20
[    1.387096] AVX2 version of gcm_enc/dec engaged.
[    1.388226] AES CTR mode by8 optimization enabled
[    1.596683] input: ImExPS/2 Generic Explorer Mouse as /devices/platform/i8042/serio1/input/input4
[    1.948621] e1000 0000:00:03.0 eth0: (PCI:33MHz:32-bit) 02:9d:64:b1:e9:53
[    1.951103] e1000 0000:00:03.0 eth0: Intel(R) PRO/1000 Network Connection
[    1.954370] mptbase: ioc0: Initiating bringup
[    3.057129] ioc0: LSI53C1030 A0: Capabilities={Initiator}
[    5.721379] scsi host2: ioc0: LSI53C1030 A0, FwRev=00000000h, Ports=1, MaxQ=256, IRQ=20
[    7.707398] scsi 2:0:0:0: Direct-Access     VBOX     HARDDISK         1.0  PQ: 0 ANSI: 5
[    7.718498] scsi target2:0:0: Beginning Domain Validation
[    7.727798] scsi target2:0:0: Domain Validation skipping write tests
[    7.730827] scsi target2:0:0: Ending Domain Validation
[    7.733393] scsi target2:0:0: asynchronous
[    7.735604] scsi 2:0:1:0: Direct-Access     VBOX     HARDDISK         1.0  PQ: 0 ANSI: 5
[    7.737974] scsi target2:0:1: Beginning Domain Validation
[    7.741837] scsi target2:0:1: Domain Validation skipping write tests
[    7.743181] scsi target2:0:1: Ending Domain Validation
[    7.744492] scsi target2:0:1: asynchronous
[    7.809923] sd 2:0:0:0: Attached scsi generic sg0 type 0
[    7.811479] sd 2:0:0:0: [sda] 20971520 512-byte logical blocks: (10.7 GB/10.0 GiB)
[    7.813614] sd 2:0:1:0: Attached scsi generic sg1 type 0
[    7.815017] sd 2:0:1:0: [sdb] 20480 512-byte logical blocks: (10.5 MB/10.0 MiB)
[    7.817597] sd 2:0:1:0: [sdb] Write Protect is off
[    7.818810] sd 2:0:0:0: [sda] Write Protect is off
[    7.820168] sd 2:0:1:0: [sdb] Incomplete mode parameter data
[    7.821576] sd 2:0:1:0: [sdb] Assuming drive cache: write through
[    7.822974] sd 2:0:0:0: [sda] Incomplete mode parameter data
[    7.824488] sd 2:0:0:0: [sda] Assuming drive cache: write through
[    7.847538]  sda: sda1
[    7.850078] sd 2:0:1:0: [sdb] Attached SCSI disk
[    7.851623] sd 2:0:0:0: [sda] Attached SCSI disk
[    8.544089] e1000 0000:00:08.0 eth1: (PCI:33MHz:32-bit) 08:00:27:b7:bf:87
[    8.546325] e1000 0000:00:08.0 eth1: Intel(R) PRO/1000 Network Connection
[    8.549299] e1000 0000:00:08.0 enp0s8: renamed from eth1
[    8.565744] e1000 0000:00:03.0 enp0s3: renamed from eth0
Begin: Loading essential drivers ... [   10.156572] md: linear personality registered for level -1
[   10.160307] md: multipath personality registered for level -4
[   10.163921] md: raid0 personality registered for level 0
[   10.168774] md: raid1 personality registered for level 1
[   10.241665] raid6: sse2x1   gen() 11334 MB/s
[   10.309271] raid6: sse2x1   xor()  8949 MB/s
[   10.377331] raid6: sse2x2   gen() 15153 MB/s
[   10.445215] raid6: sse2x2   xor() 10137 MB/s
[   10.513573] raid6: sse2x4   gen() 16013 MB/s
[   10.581329] raid6: sse2x4   xor() 11291 MB/s
[   10.649333] raid6: avx2x1   gen() 23095 MB/s
[   10.717227] raid6: avx2x2   gen() 27161 MB/s
[   10.785634] raid6: avx2x4   gen() 27830 MB/s
[   10.786660] raid6: using algorithm avx2x4 gen() 27830 MB/s
[   10.787981] raid6: using avx2x2 recovery algorithm
[   10.790466] xor: automatically using best checksumming function:
[   10.830048]    avx       : 30723.000 MB/sec
[   10.832276] async_tx: api initialized (async)
[   10.843859] md: raid6 personality registered for level 6
[   10.845121] md: raid5 personality registered for level 5
[   10.846409] md: raid4 personality registered for level 4
[   10.853970] md: raid10 personality registered for level 10
done.
Begin: Running /scripts/init-premount ... done.
Begin: Mounting root file system ... Begin: Running /scripts/local-top ... done.
Begin: Running /scripts/local-premount ... [   10.884158] Btrfs loaded
Scanning for Btrfs filesystems
done.
Warning: fsck not present, so skipping root file system
[   11.020072] EXT4-fs (sda1): mounted filesystem with ordered data mode. Opts: (null)
done.
Begin: Running /scripts/local-bottom ... done.
Begin: Running /scripts/init-bottom ... done.
[   11.802403] random: nonblocking pool is initialized
[   11.843743] systemd[1]: systemd 229 running in system mode. (+PAM +AUDIT +SELINUX +IMA +APPARMOR +SMACK +SYSVINIT +UTMP +LIBCRYPTSETUP +GCRYPT +GNUTLS +ACL +XZ -LZ4 +SECCOMP +BLKID +ELFUTILS +KMOD -IDN)
[   11.851924] systemd[1]: Detected virtualization oracle.
[   11.854217] systemd[1]: Detected architecture x86-64.

Welcome to [1mUbuntu 16.04.6 LTS[0m!

[   11.944621] systemd[1]: Set hostname to <ubuntu>.
[   12.008991] systemd[1]: Initializing machine ID from random generator.
[   12.014501] systemd[1]: Installed transient /etc/machine-id file.
[   13.082049] systemd[1]: Reached target System Time Synchronized.
[[0;32m  OK  [0m] Reached target System Time Synchronized.
[   13.089883] systemd[1]: Set up automount Arbitrary Executable File Formats File System Automount Point.
[[0;32m  OK  [0m] Set up automount Arbitrary Executab...ats File System Automount Point.
[   13.093242] systemd[1]: Listening on Journal Audit Socket.
[[0;32m  OK  [0m] Listening on Journal Audit Socket.
[   13.095390] systemd[1]: Listening on Journal Socket.
[[0;32m  OK  [0m] Listening on Journal Socket.
[   13.097437] systemd[1]: Listening on LVM2 metadata daemon socket.
[[0;32m  OK  [0m] Listening on LVM2 metadata daemon socket.
[   13.099589] systemd[1]: Reached target Encrypted Volumes.
[[0;32m  OK  [0m] Reached target Encrypted Volumes.
[   13.101931] systemd[1]: Reached target User and Group Name Lookups.
[[0;32m  OK  [0m] Reached target User and Group Name Lookups.
[   13.109639] systemd[1]: Listening on Device-mapper event daemon FIFOs.
[[0;32m  OK  [0m] Listening on Device-mapper event daemon FIFOs.
[   13.112202] systemd[1]: Created slice System Slice.
[[0;32m  OK  [0m] Created slice System Slice.
[   13.125926] systemd[1]: Mounting Debug File System...
         Mounting Debug File System...
[   13.134527] systemd[1]: Starting Set console keymap...
         Starting Set console keymap...
[   13.194019] systemd[1]: Starting Monitoring of LVM2 mirrors, snapshots etc. using dmeventd or progress polling...
         Starting Monitoring of LVM2 mirrors... dmeventd or progress polling...
[   13.198498] systemd[1]: Listening on LVM2 poll daemon socket.
[[0;32m  OK  [0m] Listening on LVM2 poll daemon socket.
[   13.201868] systemd[1]: Mounting Huge Pages File System...
         Mounting Huge Pages File System...
[   13.204892] systemd[1]: Mounting POSIX Message Queue File System...
         Mounting POSIX Message Queue File System...
[   13.207426] systemd[1]: Started Trigger resolvconf update for networkd DNS.
[[0;32m  OK  [0m] Started Trigger resolvconf update for networkd DNS.
[   13.210184] systemd[1]: Listening on Journal Socket (/dev/log).
[[0;32m  OK  [0m] Listening on Journal Socket (/dev/log).
[   13.218516] systemd[1]: Starting Create list of required static device nodes for the current kernel...
         Starting Create list of required st... nodes for the current kernel...
[   13.222142] systemd[1]: Listening on udev Control Socket.
[[0;32m  OK  [0m] Listening on udev Control Socket.
[   13.225232] systemd[1]: Starting Uncomplicated firewall...
         Starting Uncomplicated firewall...
[   13.228064] systemd[1]: Reached target Swap.
[[0;32m  OK  [0m] Reached target Swap.
[   13.230728] systemd[1]: Starting Remount Root and Kernel File Systems...
         Starting Remount Root and Kernel File Systems...
[   13.233214] systemd[1]: Created slice User and Session Slice.
[[0;32m  OK  [0m] Created slice User and Session Slice.
[   13.241549] systemd[1]: Listening on Syslog Socket.
[[0;32m  OK  [0m] Listening on Syslog Socket.
[   13.244071] systemd[1]: Starting Journal Service...
         Starting Journal Service...
[   13.253874] systemd[1]: Listening on /dev/initctl Compatibility Named Pipe.
[[0;32m  OK  [0m] Listening on /dev/initctl Compatibility Named Pipe.
[   13.262050] systemd[1]: Listening on udev Kernel Socket.
[[0;32m  OK  [0m] Listening on udev Kernel Socket.
[   13.264064] systemd[1]: Reached target Slices.
[[0;32m  OK  [0m] Reached target Slices.
[   13.304539] EXT4-fs (sda1): re-mounted. Opts: (null)
[   13.325624] systemd[1]: Starting Load Kernel Modules...
         Starting Load Kernel Modules...
[   13.327981] systemd[1]: Started Forward Password Requests to Wall Directory Watch.
[[0;32m  OK  [0m] Started Forward Password Requests to Wall Directory Watch.
[   13.331986] systemd[1]: Starting Nameserver information manager...
         Starting Nameserver information manager...
[   13.342250] systemd[1]: Created slice system-serial\x2dgetty.slice.
[[0;32m  OK  [0m] Created slice system-serial\x2dgetty.slice.
[   13.351081] systemd[1]: Mounted Debug File System.
[[0;32m  OK  [0m] Mounted Debug File System.
[   13.353454] systemd[1]: Mounted Huge Pages File System.
[[0;32m  OK  [0m] Mounted Huge Pages File System.
[   13.362424] systemd[1]: Mounted POSIX Message Queue File System.
[[0;32m  OK  [0m] Mounted POSIX Message Queue File System.
[   13.365895] systemd[1]: Started Create list of required static device nodes for the current kernel.
[[0;32m  OK  [0m] Started Create list of required sta...ce nodes for the current kernel.
[   13.370207] systemd[1]: Started Remount Root and Kernel File Systems.
[[0;32m  OK  [0m] Started Remount Root and Kernel File Systems.
[   13.386369] systemd[1]: Started Uncomplicated firewall.
[[0;32m  OK  [0m] Started Uncomplicated firewall.
[   13.433524] systemd[1]: Starting udev Coldplug all Devices...
         Starting udev Coldplug all Devices...
[   13.442582] systemd[1]: Starting Load/Save Random Seed...
         Starting Load/Save Random Seed...
[   13.450298] systemd[1]: Starting Create Static Device Nodes in /dev...
         Starting Create Static Device Nodes in /dev...
[   13.458361] systemd[1]: Started Set console keymap.
[[0;32m  OK  [0m] Started Set console keymap.
[   13.463382] systemd[1]: Started Nameserver information manager.
[[0;32m  OK  [0m] Started Nameserver information manager.
[   13.541468] systemd[1]: Started Load/Save Random Seed.
[[0;32m  OK  [0m] Started Load/Save Random Seed.
[   13.579604] Loading iSCSI transport class v2.0-870.
[   13.627255] systemd[1]: Started udev Coldplug all Devices.
[[0;32m  OK  [0m] Started udev Coldplug all Devices.
[   13.669218] iscsi: registered transport (tcp)
[   13.686240] systemd[1]: Started Journal Service.
[[0;32m  OK  [0m] Started Journal Service.
         Starting Flush Journal to Persistent Storage...
[[0;32m  OK  [0m] Started LVM2 metadata daemon.
[   13.840410] systemd-journald[385]: Received request to flush runtime journal from PID 1
[[0;32m  OK  [0m] Started Flush Journal to Persistent Storage.
[   13.986065] iscsi: registered transport (iser)
[[0;32m  OK  [0m] Started Load Kernel Modules.
         Starting Apply Kernel Variables...
         Mounting FUSE Control File System...
[[0;32m  OK  [0m] Mounted FUSE Control File System.
[[0;32m  OK  [0m] Started Apply Kernel Variables.
[[0;32m  OK  [0m] Started Create Static Device Nodes in /dev.
         Starting udev Kernel Device Manager...
[[0;32m  OK  [0m] Started Monitoring of LVM2 mirrors,...ng dmeventd or progress polling.
[[0;32m  OK  [0m] Reached target Local File Systems (Pre).
[[0;32m  OK  [0m] Reached target Local File Systems.
         Starting Initial cloud-init job (pre-networking)...
         Starting LSB: AppArmor initialization...
         Starting Set console font and keymap...
         Starting Create Volatile Files and Directories...
         Starting Commit a transient machine-id on disk...
         Starting Tell Plymouth To Write Out Runtime Data...
[[0;32m  OK  [0m] Started udev Kernel Device Manager.
[[0;32m  OK  [0m] Started Dispatch Password Requests to Console Directory Watch.
[[0;32m  OK  [0m] Started Commit a transient machine-id on disk.
[[0;32m  OK  [0m] Started Create Volatile Files and Directories.
         Starting Update UTMP about System Boot/Shutdown...
[[0;32m  OK  [0m] Started Tell Plymouth To Write Out Runtime Data.
[[0;32m  OK  [0m] Started Update UTMP about System Boot/Shutdown.
[[0;32m  OK  [0m] Found device /dev/ttyS0.
[[0;32m  OK  [0m] Listening on Load/Save RF Kill Switch Status /dev/rfkill Watch.
[[0;32m  OK  [0m] Started LSB: AppArmor initialization.
[[0;32m  OK  [0m] Started Set console font and keymap.
[[0;32m  OK  [0m] Created slice system-getty.slice.
[   21.093720] cloud-init[458]: Cloud-init v. 19.4-33-gbb4131a2-0ubuntu1~16.04.1 running 'init-local' at Mon, 24 Feb 2020 13:39:22 +0000. Up 20.19 seconds.
[[0;32m  OK  [0m] Started Initial cloud-init job (pre-networking).
[[0;32m  OK  [0m] Reached target Network (Pre).
         Starting Raise network interfaces...
[[0;32m  OK  [0m] Started Raise network interfaces.
[[0;32m  OK  [0m] Reached target Network.
         Starting Initial cloud-init job (metadata service crawler)...
[   24.398814] cloud-init[960]: Cloud-init v. 19.4-33-gbb4131a2-0ubuntu1~16.04.1 running 'init' at Mon, 24 Feb 2020 13:39:24 +0000. Up 21.92 seconds.
[   24.400429] cloud-init[960]: ci-info: ++++++++++++++++++++++++++++++++++++++Net device info+++++++++++++++++++++++++++++++++++++++
[   24.401755] cloud-init[960]: ci-info: +--------+-------+----------------------------+---------------+--------+-------------------+
[   24.403082] cloud-init[960]: ci-info: | Device |   Up  |          Address           |      Mask     | Scope  |     Hw-Address    |
[   24.404467] cloud-init[960]: ci-info: +--------+-------+----------------------------+---------------+--------+-------------------+
[   24.406061] cloud-init[960]: ci-info: | enp0s3 |  True |         10.0.2.15          | 255.255.255.0 | global | 02:9d:64:b1:e9:53 |
[   24.407428] cloud-init[960]: ci-info: | enp0s3 |  True | fe80::9d:64ff:feb1:e953/64 |       .       |  link  | 02:9d:64:b1:e9:53 |
[   24.408928] cloud-init[960]: ci-info: | enp0s8 | False |             .              |       .       |   .    | 08:00:27:b7:bf:87 |
[   24.410389] cloud-init[960]: ci-info: |   lo   |  True |         127.0.0.1          |   255.0.0.0   |  host  |         .         |
[   24.411898] cloud-init[960]: ci-info: |   lo   |  True |          ::1/128           |       .       |  host  |         .         |
[   24.413339] cloud-init[960]: ci-info: +--------+-------+----------------------------+---------------+--------+-------------------+
[   24.414892] cloud-init[960]: ci-info: +++++++++++++++++++++++++++Route IPv4 info++++++++++++++++++++++++++++
[   24.420673] cloud-init[960]: ci-info: +-------+-------------+----------+---------------+-----------+-------+
[   24.421998] cloud-init[960]: ci-info: | Route | Destination | Gateway  |    Genmask    | Interface | Flags |
[   24.423500] cloud-init[960]: ci-info: +-------+-------------+----------+---------------+-----------+-------+
[   24.424735] cloud-init[960]: ci-info: |   0   |   0.0.0.0   | 10.0.2.2 |    0.0.0.0    |   enp0s3  |   UG  |
[   24.426002] cloud-init[960]: ci-info: |   1   |   10.0.2.0  | 0.0.0.0  | 255.255.255.0 |   enp0s3  |   U   |
[   24.432384] cloud-init[960]: ci-info: +-------+-------------+----------+---------------+-----------+-------+
[   24.433812] cloud-init[960]: ci-info: +++++++++++++++++++Route IPv6 info+++++++++++++++++++
[   24.434843] cloud-init[960]: ci-info: +-------+-------------+---------+-----------+-------+
[   24.435844] cloud-init[960]: ci-info: | Route | Destination | Gateway | Interface | Flags |
[   24.437038] cloud-init[960]: ci-info: +-------+-------------+---------+-----------+-------+
[   24.438097] cloud-init[960]: ci-info: |   0   |  fe80::/64  |    ::   |   enp0s3  |   U   |
[   24.439277] cloud-init[960]: ci-info: |   3   |   ff00::/8  |    ::   |   enp0s3  |   U   |
[   24.441019] cloud-init[960]: ci-info: +-------+-------------+---------+-----------+-------+
[   24.449182] cloud-init[960]: Generating public/private rsa key pair.
[   24.450071] cloud-init[960]: Your identification has been saved in /etc/ssh/ssh_host_rsa_key.
[   24.456726] cloud-init[960]: Your public key has been saved in /etc/ssh/ssh_host_rsa_key.pub.
[   24.464700] cloud-init[960]: The key fingerprint is:
[   24.465494] cloud-init[960]: SHA256:UsRPEzpMQ4sLfCAruh0bvJ/nz18S9wzilhHUOkN9Bbg root@ubuntu-xenial
[   24.466954] cloud-init[960]: The key's randomart image is:
[   24.472332] cloud-init[960]: +---[RSA 2048]----+
[   24.473083] cloud-init[960]: |  . .  o= o+ ..o.|
[[   24.473905] [0;32m  OK  [0mcloud-init] [960]: Started Initial cloud-init job (metadata service crawler).|   + . =.=+ + .  |

[   24.474416] cloud-init[960]: |. . o o *+.o o   |
[   24.476125] cloud-init[960]: |.o   o o .=.E    |
[   24.476778] cloud-init[960]: |. +   o S +oo    |
[   24.477009] [cloud-init[0;32m  OK  [0m[960]: ] | o =   . . * +   |Reached target System Initialization.

[[   24.477056] [0;32m  OK  [0mcloud-init] [960]: Started Message of the Day.|. +       = . o  |

[   24.479472] cloud-init[960]: |   . ... . o     |
[   24.479699] [cloud-init[0;32m  OK  [0m[960]: ] |    oo..o..      |Started Daily Cleanup of Temporary Directories.

[   24.479749] cloud-init[960]: +----[SHA256]-----+
[   24.481328] cloud-init[960]: Generating public/private dsa key pair.
[   24.481759] cloud-init[960]: Your identification has been saved in /etc/ssh/ssh_host_dsa_key.
[   24.481900] cloud-init[960]: Your public key has been saved in /etc/ssh/ssh_host_dsa_key.pub.
[[   24.482028] [0;32m  OK  [0mcloud-init] [960]: Listening on UUID daemon activation socket.The key fingerprint is:

[   24.483174] cloud-init[960]: SHA256:sR9qhjjau/p2D3eAeaeknvsYp8wZaL6eprtbWE+8RbU root@ubuntu-xenial
[   24.485319] cloud-init[960]: The key's randomart image is:
[   24.485475] cloud-init[960]: +---[DSA 1024]----+
[   24.485720] cloud-init[960]: |          .      |
[   24.485938] cloud-init[960]: |         . .     |
[   24.486185] cloud-init[960]: |        o E      |
[   24.486384] cloud-init[960]: |     . + o       |
[   24.486589] cloud-init[960]: |    . = S o      |
[   24.486721] cloud-init[960]: |   o = B * .     |
[   24.487178] cloud-init[960]: |  . * O B o      |
[   24.487406] cloud-init[960]: |   *o*.& .       |
[   24.487645] cloud-init[960]: |  B@X=X+o        |
[   24.487880] [[0;32m  OK  [0m] Listening on ACPID Listen Socket.
[[0;32m  OK  [0m] Listening on D-Bus System Message Bus Socket.
cloud-init[960]: +----[SHA256]-----+
[   24.491715] cloud-init[960]: Generating public/private ecdsa key pair.
[   24.492642] cloud-init[960]: Your identification has been saved in /etc/ssh/ssh_host_ecdsa_key.
[   24.493888] cloud-init[960]: Your public key has been saved in /etc/ssh/ssh_host_ecdsa_key.pub.
[   24.495135] cloud-init[960]: The key fingerprint is:
[   24.495864] cloud-init[960]: SHA256:4tG4iuLKRmnUKdWlrDo5wD9vdFldjMtz+D1thXCk3gU root@ubuntu-xenial
[   24.497058] cloud-init[960]: The key's randomart image is:
[   24.505402] cloud-init[960]: +---[ECDSA 256]---+
[   24.523720] [[0;32m  OK  [0m] Started ACPI Events Check.
[[0;32m  OK  [0m] Reached target Paths.
cloud-init[960]: |    . ..    o.E  |
[   24.525484] cloud-init[960]: |   ....    ..+.. |
[   24.526643] cloud-init[960]: |  o .o    o =o ..|
[   24.527329] cloud-init[960]: |.o o.  o . B o...|
[   24.532518] cloud-init[960]: |o.o.  + S   = o o|
[   24.533356] cloud-init[960]: |.++  o *     . oo|
[   24.540362]          cloud-initStarting LXD - unix socket.[960]: 
|o= o. +        ..|
[   24.541405] [[0;32m  OK  [0m] Started Daily apt download activities.
[[0;32m  OK  [0m] Started Daily apt upgrade and clean activities.
[[0;32m  OK  [0m] Reached target Timers.
         Starting Socket activation for snappy daemon.
[[0;32m  OK  [0m] Reached target Cloud-config availability.
[[0;32m  OK  [0m] Reached target Network is Online.
cloud-init[960]: |o.o.oo           |
[   24.552243] cloud-init[960]: |=+. o.           |
[   24.552895] cloud-init[960]: +----[SHA256]-----+
[   24.560811]          cloud-initStarting iSCSI initiator daemon (iscsid)...[960]: 
Generating public/private ed25519 key pair.
[   24.562219] [cloud-init[0;32m  OK  [0m[960]: ] Your identification has been saved in /etc/ssh/ssh_host_ed25519_key.Listening on LXD - unix socket.

[[0;32m  OK  [0m] Listening on Socket activation for snappy daemon.
[   24.563558] cloud-init[960]: Your public key has been saved in /etc/ssh/ssh_host_ed25519_key.pub.
[   24.565302] [cloud-init[0;32m  OK  [0m[960]: ] The key fingerprint is:Reached target Sockets.

[   24.566341] [cloud-init[0;32m  OK  [0m[960]: ] SHA256:Xn4fnCzGaCW+2yLOVSbueCVT3lqK1I/0w+nPaZfiscw root@ubuntu-xenialReached target Basic System.

         Starting Accounts Service...
[   24.567795] cloud-init[960]: The key's randomart image is:
[   24.569357] [cloud-init[0;32m  OK  [0m[960]: ] +--[ED25519 256]--+Started D-Bus System Message Bus.

[   24.577062] cloud-init[960]: |                 |
[   24.577817] cloud-init[960]: |                 |
[   24.578480] cloud-init[960]: |                 |
[   24.584274] cloud-init[960]: |            .    |
[   24.585224] cloud-init[960]: |        S +++.   |
[   24.593250] cloud-init[960]: |       . =+O=oo. |
[   24.593961] cloud-init[960]: |        ..B*=X=..|
[   24.600329] cloud-init[960]: |       ..=+=*+O=o|
[   24.601071] cloud-init[960]: |       .+o+ooE=++|
[   24.601744] cloud-init[960]: +----[SHA256]-----+
         Starting LSB: MD monitoring daemon...
         Starting Pollinate to seed the pseudo random number generator...
         Starting Snappy daemon...
[[0;32m  OK  [0m] Started Deferred execution scheduler.
[[0;32m  OK  [0m] Started ACPI event daemon.
         Starting Virtualbox guest utils...
[[0;32m  OK  [0m] Started Regular background program processing daemon.
         Starting System Logging Service...
         Starting LXD - container startup/shutdown...
         Starting Login Service...
         Starting /etc/rc.local Compatibility...
         Starting LSB: Record successful boot for GRUB...
[[0;32m  OK  [0m] Started FUSE filesystem for LXC.
[[0;32m  OK  [0m] Started /etc/rc.local Compatibility.
         Starting Authenticate and Authorize Users to Run Privileged Tasks...
[[0;32m  OK  [0m] Started Login Service.
[[0;32m  OK  [0m] Started Unattended Upgrades Shutdown.
[[0;32m  OK  [0m] Started iSCSI initiator daemon (iscsid).
         Starting Login to default iSCSI targets...
[[0;32m  OK  [0m] Started LSB: MD monitoring daemon.
[[0;32m  OK  [0m] Started LSB: Record successful boot for GRUB.
[[0;32m  OK  [0m] Started Authenticate and Authorize Users to Run Privileged Tasks.
[[0;32m  OK  [0m] Started Accounts Service.
[[0;32m  OK  [0m] Started Login to default iSCSI targets.
[[0;32m  OK  [0m] Reached target Remote File Systems (Pre).
[[0;32m  OK  [0m] Reached target Remote File Systems.
         Starting LSB: Set the CPU Frequency Scaling governor to "ondemand"...
         Starting Permit User Sessions...
         Starting LSB: daemon to balance interrupts for SMP systems...
         Starting LSB: automatic crash report generation...
[[0;32m  OK  [0m] Started LSB: Set the CPU Frequency Scaling governor to "ondemand".
[[0;32m  OK  [0m] Started Permit User Sessions.
         Starting Hold until boot process finishes up...
         Starting Terminate Plymouth Boot Screen...
[[0;32m  OK  [0m] Started Hold until boot process finishes up.
[[0;32m  OK  [0m] Started Serial Getty on ttyS0.
         Starting Set console scheme...
[[0;32m  OK  [0m] Started Getty on tty1.
[[0;32m  OK  [0m] Reached target Login Prompts.
[[0;32m  OK  [0m] Started Terminate Plymouth Boot Screen.
[[0;32m  OK  [0m] Started Set console scheme.
[[0;32m  OK  [0m] Started LSB: daemon to balance interrupts for SMP systems.
[[0;32m  OK  [0m] Started LSB: automatic crash report generation.
[[0;32m  OK  [0m] Started Virtualbox guest utils.
[[0;32m  OK  [0m] Started System Logging Service.
[[0;32m  OK  [0m] Started Snappy daemon.
         Starting Wait until snapd is fully seeded...
[[0;32m  OK  [0m] Started LXD - container startup/shutdown.

Ubuntu 16.04.6 LTS ubuntu-xenial ttyS0

ubuntu-xenial login: [   35.897841] cloud-init[1415]: Generating locales (this might take a while)...
[   37.786108] cloud-init[1415]:   en_US.UTF-8... done
[   37.786916] cloud-init[1415]: Generation complete.
[   39.503012] cloud-init[1415]: Cloud-init v. 19.4-33-gbb4131a2-0ubuntu1~16.04.1 running 'modules:config' at Mon, 24 Feb 2020 13:39:38 +0000. Up 35.43 seconds.
ci-info: no authorized SSH keys fingerprints found for user ubuntu.
<14>Feb 24 13:39:42 ec2: 
<14>Feb 24 13:39:42 ec2: #############################################################
<14>Feb 24 13:39:42 ec2: -----BEGIN SSH HOST KEY FINGERPRINTS-----
<14>Feb 24 13:39:42 ec2: 1024 SHA256:sR9qhjjau/p2D3eAeaeknvsYp8wZaL6eprtbWE+8RbU root@ubuntu-xenial (DSA)
<14>Feb 24 13:39:42 ec2: 256 SHA256:4tG4iuLKRmnUKdWlrDo5wD9vdFldjMtz+D1thXCk3gU root@ubuntu-xenial (ECDSA)
<14>Feb 24 13:39:42 ec2: 256 SHA256:Xn4fnCzGaCW+2yLOVSbueCVT3lqK1I/0w+nPaZfiscw root@ubuntu-xenial (ED25519)
<14>Feb 24 13:39:42 ec2: 2048 SHA256:UsRPEzpMQ4sLfCAruh0bvJ/nz18S9wzilhHUOkN9Bbg root@ubuntu-xenial (RSA)
<14>Feb 24 13:39:42 ec2: -----END SSH HOST KEY FINGERPRINTS-----
<14>Feb 24 13:39:42 ec2: #############################################################
-----BEGIN SSH HOST KEY KEYS-----
ecdsa-sha2-nistp256 AAAAE2VjZHNhLXNoYTItbmlzdHAyNTYAAAAIbmlzdHAyNTYAAABBBJgGz+8KoynKN59pn8FXePKANyGU5MmxgktlrpoGZZ+twoT1VWMjwCF34xtsdqOh1Dd+OvI2UypYGPlUIuf7fQc= root@ubuntu-xenial
ssh-ed25519 AAAAC3NzaC1lZDI1NTE5AAAAIDJvPNK+Z9ZMysJWl6A6eum9WBtHFGzi+T4f/Zgfgw6Z root@ubuntu-xenial
ssh-rsa AAAAB3NzaC1yc2EAAAADAQABAAABAQDlvA3a+Jt9Y5JqPs6SXtMQGgXmFii7X1FLtnH6m4tpilhWgn+X9s8lRTvMiRssRHqRMACaesfSyVBa1CCkzkzblyoqUkBXu7yO0zkJumj3nffTkzckDJRJVHlhDK9/hBSFgZpoQFqWHTfabetwEBBLvy/9mFUru/SZ4v2B7Nvh5UWr65jJf0UFMCg2+BkwJR/GvefG89PjX5MowKR5P7ueAW2sOBS9ORqF4Zfyu7L/a4iWaYmtp2XDMpH+KJTnH0ADtfO0AwM/q65+m4mVCfgIYudw6OopbG+zxAKikajSu2KJvEf4bs7iZY0YPTnZ1uppMUlCqVz0z4q8M8/p1y+Z root@ubuntu-xenial
-----END SSH HOST KEY KEYS-----
[   40.368635] cloud-init[1593]: Cloud-init v. 19.4-33-gbb4131a2-0ubuntu1~16.04.1 running 'modules:final' at Mon, 24 Feb 2020 13:39:42 +0000. Up 40.05 seconds.
[   40.371527] cloud-init[1593]: ci-info: no authorized SSH keys fingerprints found for user ubuntu.
[   40.374074] cloud-init[1593]: Cloud-init v. 19.4-33-gbb4131a2-0ubuntu1~16.04.1 finished at Mon, 24 Feb 2020 13:39:42 +0000. Datasource DataSourceNoCloud [seed=/dev/sdb][dsmode=net].  Up 40.35 seconds
